<?xml version="1.0" encoding="UTF-8"?>
<!-- Generated by org.testng.reporters.JUnitXMLReporter -->
<testsuite hostname="INDIA-VenkataM" ignored="0" name="BankingApplicationTest" tests="3" failures="0" timestamp="23 Jul 2020 13:24:21 GMT" time="54.49" errors="0">
  <testcase name="LoginTest" time="2.506" classname="com.inetBanking.TestCases.TC_LoginTest_001"/>
  <testcase name="addNewCustomer" time="24.632" classname="com.inetBanking.TestCases.TC_AddNewCustomerTest_003"/>
  <testcase name="test" time="0.042" classname="com.inetBanking.TestCases.TC_DataBaseTesting_004"/>
</testsuite> <!-- BankingApplicationTest -->
