<?xml version="1.0" encoding="UTF-8"?>
<!-- Generated by org.testng.reporters.JUnitXMLReporter -->
<testsuite hostname="INDIA-VenkataM" ignored="0" name="BankingAppTest" tests="1" failures="0" timestamp="17 Jul 2020 17:20:14 GMT" time="8.966" errors="0">
  <testcase name="@BeforeClass setup" time="8.921" classname="com.inetBanking.TestCases.BaseClass">
    <failure type="java.lang.NullPointerException">
      <![CDATA[java.lang.NullPointerException
at com.inetBanking.TestCases.BaseClass.setup(BaseClass.java:39)
... Removed 26 stack frames]]>
    </failure>
  </testcase> <!-- @BeforeClass setup -->
  <testcase name="@AfterClass tearDown" time="0.0" classname="com.inetBanking.TestCases.BaseClass">
    <skipped/>
  </testcase> <!-- @AfterClass tearDown -->
  <testcase name="LoginTest" time="0.0" classname="com.inetBanking.TestCases.TC_LoginTest_001">
    <skipped/>
  </testcase> <!-- LoginTest -->
</testsuite> <!-- BankingAppTest -->
