<?xml version="1.0" encoding="UTF-8"?>
<!-- Generated by org.testng.reporters.JUnitXMLReporter -->
<testsuite ignored="0" hostname="INDIA-VenkataM" failures="0" tests="3" name="BankingApplicationTest" time="54.327" errors="0" timestamp="23 Jul 2020 13:26:36 GMT">
  <testcase classname="com.inetBanking.TestCases.TC_LoginTest_001" name="LoginTest" time="3.854"/>
  <testcase classname="com.inetBanking.TestCases.TC_AddNewCustomerTest_003" name="addNewCustomer" time="25.485"/>
  <testcase classname="com.inetBanking.TestCases.TC_DataBaseTesting_004" name="test" time="0.04"/>
</testsuite> <!-- BankingApplicationTest -->
