<?xml version="1.0" encoding="UTF-8"?>
<testsuite xmlns:xsi="http://www.w3.org/2001/XMLSchema-instance" xsi:noNamespaceSchemaLocation="https://maven.apache.org/surefire/maven-surefire-plugin/xsd/surefire-test-report-3.0.xsd" version="3.0" name="TestSuite" time="55.815" tests="3" errors="0" skipped="0" failures="0">
  <properties>
[...]
</properties>
  <testcase name="LoginTest" classname="com.inetBanking.TestCases.TC_LoginTest_001" time="3.829">
    <system-out><![CDATA[07-23-2020 18:55:53 TC_LoginTest_001.java INFO  [main] BaseClass 20 - URL is Opened
07-23-2020 18:55:54 TC_LoginTest_001.java INFO  [main] BaseClass 24 - Entered UserName
07-23-2020 18:55:55 TC_LoginTest_001.java INFO  [main] BaseClass 26 - Entered Password
07-23-2020 18:55:57 TC_LoginTest_001.java INFO  [main] BaseClass 37 - Login Test PASS
]]></system-out>
    <system-err><![CDATA[log4j:ERROR Could not find value for key log4j.appender.CONSOLE
log4j:ERROR Could not instantiate appender named "CONSOLE".
Starting ChromeDriver 83.0.4103.39 (ccbf011cb2d2b19b506d844400483861342c20cd-refs/branch-heads/4103@{#416}) on port 32298
Only local connections are allowed.
Please see https://chromedriver.chromium.org/security-considerations for suggestions on keeping ChromeDriver safe.
ChromeDriver was started successfully.
[1595510747.629][WARNING]: This version of ChromeDriver has not been tested with Chrome version 84.
Jul 23, 2020 6:55:50 PM org.openqa.selenium.remote.ProtocolHandshake createSession
INFO: Detected dialect: W3C
log4j:ERROR Could not find value for key log4j.appender.CONSOLE
log4j:ERROR Could not instantiate appender named "CONSOLE".
]]></system-err>
  </testcase>
  <testcase name="addNewCustomer" classname="com.inetBanking.TestCases.TC_AddNewCustomerTest_003" time="25.472">
    <system-out><![CDATA[07-23-2020 18:56:09 TC_AddNewCustomerTest_003.java INFO  [main] BaseClass 18 - Entered UserName
07-23-2020 18:56:09 TC_AddNewCustomerTest_003.java INFO  [main] BaseClass 20 - Entered Password
07-23-2020 18:56:11 TC_AddNewCustomerTest_003.java INFO  [main] BaseClass 24 - Ading Customer details
07-23-2020 18:56:31 TC_AddNewCustomerTest_003.java INFO  [main] BaseClass 41 - Successfully Added Customer Details
07-23-2020 18:56:34 TC_AddNewCustomerTest_003.java INFO  [main] BaseClass 46 - Login Test Add Customer details PASS
]]></system-out>
    <system-err><![CDATA[Starting ChromeDriver 83.0.4103.39 (ccbf011cb2d2b19b506d844400483861342c20cd-refs/branch-heads/4103@{#416}) on port 1993
Only local connections are allowed.
Please see https://chromedriver.chromium.org/security-considerations for suggestions on keeping ChromeDriver safe.
ChromeDriver was started successfully.
[1595510763.103][WARNING]: This version of ChromeDriver has not been tested with Chrome version 84.
Jul 23, 2020 6:56:05 PM org.openqa.selenium.remote.ProtocolHandshake createSession
INFO: Detected dialect: W3C
log4j:ERROR Could not find value for key log4j.appender.CONSOLE
log4j:ERROR Could not instantiate appender named "CONSOLE".
]]></system-err>
  </testcase>
  <testcase name="test" classname="com.inetBanking.TestCases.TC_DataBaseTesting_004" time="0.042">
    <system-out><![CDATA[07-23-2020 18:56:36 TC_DataBaseTesting_004.java INFO  [main] TC_DataBaseTesting_004 46 - Oracle Connection is Established
07-23-2020 18:56:36 TC_DataBaseTesting_004.java INFO  [main] TC_DataBaseTesting_004 47 - Data is retrived from DB
7369  SMITH
7499  ALLEN
7521  WARD
7566  JONES
7654  MARTIN
7698  VENKATA
7782  CLARK
7788  SCOTT
7839  KING
7844  TURNER
7876  ADAMS
7900  JAMES
7902  FORD
7934  MILLER
]]></system-out>
  </testcase>
</testsuite>