<?xml version="1.0" encoding="UTF-8"?>
<testng-results skipped="0" failed="0" ignored="0" total="3" passed="3">
  <reporter-output>
  </reporter-output>
  <suite name="inetBankingV1" duration-ms="54490" started-at="2020-07-23T13:23:26Z" finished-at="2020-07-23T13:24:21Z">
    <groups>
    </groups>
    <test name="BankingApplicationTest" duration-ms="54490" started-at="2020-07-23T13:23:26Z" finished-at="2020-07-23T13:24:21Z">
      <class name="com.inetBanking.TestCases.TC_DataBaseTesting_004">
        <test-method status="PASS" signature="LDatabaseTest()[pri:0, instance:com.inetBanking.TestCases.TC_DataBaseTesting_004@5700d6b1]" name="LDatabaseTest" is-config="true" duration-ms="974" started-at="2020-07-23T13:23:26Z" finished-at="2020-07-23T13:23:27Z">
          <reporter-output>
          </reporter-output>
        </test-method> <!-- LDatabaseTest -->
        <test-method status="PASS" signature="test()[pri:0, instance:com.inetBanking.TestCases.TC_DataBaseTesting_004@5700d6b1]" name="test" duration-ms="42" started-at="2020-07-23T13:24:20Z" finished-at="2020-07-23T13:24:21Z">
          <reporter-output>
          </reporter-output>
        </test-method> <!-- test -->
        <test-method status="PASS" signature="tearDown()[pri:0, instance:com.inetBanking.TestCases.TC_DataBaseTesting_004@5700d6b1]" name="tearDown" is-config="true" duration-ms="1" started-at="2020-07-23T13:24:21Z" finished-at="2020-07-23T13:24:21Z">
          <reporter-output>
          </reporter-output>
        </test-method> <!-- tearDown -->
      </class> <!-- com.inetBanking.TestCases.TC_DataBaseTesting_004 -->
      <class name="com.inetBanking.TestCases.TC_AddNewCustomerTest_003">
        <test-method status="PASS" signature="setup(java.lang.String)[pri:0, instance:com.inetBanking.TestCases.TC_AddNewCustomerTest_003@5bcab519]" name="setup" is-config="true" duration-ms="9322" started-at="2020-07-23T13:23:45Z" finished-at="2020-07-23T13:23:54Z">
          <params>
            <param index="0">
              <value>
                <![CDATA[chrome]]>
              </value>
            </param>
          </params>
          <reporter-output>
          </reporter-output>
        </test-method> <!-- setup -->
        <test-method status="PASS" signature="addNewCustomer()[pri:0, instance:com.inetBanking.TestCases.TC_AddNewCustomerTest_003@5bcab519]" name="addNewCustomer" duration-ms="24632" started-at="2020-07-23T13:23:54Z" finished-at="2020-07-23T13:24:19Z">
          <reporter-output>
          </reporter-output>
        </test-method> <!-- addNewCustomer -->
        <test-method status="PASS" signature="closeBrowser()[pri:0, instance:com.inetBanking.TestCases.TC_AddNewCustomerTest_003@5bcab519]" name="closeBrowser" is-config="true" duration-ms="1780" started-at="2020-07-23T13:24:19Z" finished-at="2020-07-23T13:24:20Z">
          <reporter-output>
          </reporter-output>
        </test-method> <!-- closeBrowser -->
        <test-method status="PASS" signature="captureScreen(org.testng.ITestResult)[pri:0, instance:com.inetBanking.TestCases.TC_AddNewCustomerTest_003@5bcab519]" name="captureScreen" is-config="true" duration-ms="0" started-at="2020-07-23T13:24:19Z" finished-at="2020-07-23T13:24:19Z">
          <params>
            <param index="0">
              <value>
                <![CDATA[[TestResult name=addNewCustomer status=SUCCESS method=TC_AddNewCustomerTest_003.addNewCustomer()[pri:0, instance:com.inetBanking.TestCases.TC_AddNewCustomerTest_003@5bcab519] output={null}]]]>
              </value>
            </param>
          </params>
          <reporter-output>
          </reporter-output>
        </test-method> <!-- captureScreen -->
      </class> <!-- com.inetBanking.TestCases.TC_AddNewCustomerTest_003 -->
      <class name="com.inetBanking.TestCases.TC_LoginTest_001">
        <test-method status="PASS" signature="setup(java.lang.String)[pri:0, instance:com.inetBanking.TestCases.TC_LoginTest_001@6fd02e5]" name="setup" is-config="true" duration-ms="13470" started-at="2020-07-23T13:23:27Z" finished-at="2020-07-23T13:23:41Z">
          <params>
            <param index="0">
              <value>
                <![CDATA[chrome]]>
              </value>
            </param>
          </params>
          <reporter-output>
          </reporter-output>
        </test-method> <!-- setup -->
        <test-method status="PASS" signature="LoginTest()[pri:0, instance:com.inetBanking.TestCases.TC_LoginTest_001@6fd02e5]" name="LoginTest" duration-ms="2506" started-at="2020-07-23T13:23:41Z" finished-at="2020-07-23T13:23:43Z">
          <reporter-output>
          </reporter-output>
        </test-method> <!-- LoginTest -->
        <test-method status="PASS" signature="captureScreen(org.testng.ITestResult)[pri:0, instance:com.inetBanking.TestCases.TC_LoginTest_001@6fd02e5]" name="captureScreen" is-config="true" duration-ms="2" started-at="2020-07-23T13:23:43Z" finished-at="2020-07-23T13:23:43Z">
          <params>
            <param index="0">
              <value>
                <![CDATA[[TestResult name=LoginTest status=SUCCESS method=TC_LoginTest_001.LoginTest()[pri:0, instance:com.inetBanking.TestCases.TC_LoginTest_001@6fd02e5] output={null}]]]>
              </value>
            </param>
          </params>
          <reporter-output>
          </reporter-output>
        </test-method> <!-- captureScreen -->
        <test-method status="PASS" signature="closeBrowser()[pri:0, instance:com.inetBanking.TestCases.TC_LoginTest_001@6fd02e5]" name="closeBrowser" is-config="true" duration-ms="1441" started-at="2020-07-23T13:23:43Z" finished-at="2020-07-23T13:23:45Z">
          <reporter-output>
          </reporter-output>
        </test-method> <!-- closeBrowser -->
      </class> <!-- com.inetBanking.TestCases.TC_LoginTest_001 -->
    </test> <!-- BankingApplicationTest -->
  </suite> <!-- inetBankingV1 -->
</testng-results>
